<?xml version="1.0" encoding="UTF-8"?>
<!-- Generated by org.testng.reporters.JUnitReportReporter -->
<testsuite hostname="DESKTOP-6E2HQKV" failures="0" tests="1" name="read_excel.Read_Excel" time="1.486" errors="0" timestamp="2023-03-23T19:40:13 IST" skipped="0">
  <testcase classname="read_excel.Read_Excel" name="readExcel" time="1.486"/>
  <system-out/>
</testsuite> <!-- read_excel.Read_Excel -->
