<?xml version="1.0" encoding="UTF-8"?>
<!-- Generated by org.testng.reporters.JUnitReportReporter -->
<testsuite hostname="DESKTOP-6E2HQKV" failures="0" tests="4" name="tpay_testScripts.TestExcel" time="0.759" errors="0" timestamp="2023-03-24T13:14:01 IST" skipped="0">
  <testcase classname="tpay_testScripts.TestExcel" name="testcase1" time="0.019"/>
  <system-out/>
  <testcase classname="tpay_testScripts.TestExcel" name="testcase2" time="0.018"/>
  <system-out/>
  <testcase classname="tpay_testScripts.TestExcel" name="testcase3" time="0.005"/>
  <system-out/>
  <testcase classname="tpay_testScripts.TestExcel" name="testcase4" time="0.717"/>
  <system-out/>
</testsuite> <!-- tpay_testScripts.TestExcel -->
