<?xml version="1.0" encoding="UTF-8"?>
<!-- Generated by org.testng.reporters.JUnitReportReporter -->
<testsuite hostname="DESKTOP-6E2HQKV" failures="0" tests="1" name="tpay_testScripts.Read_excelTest" time="2.035" errors="0" timestamp="2023-03-24T11:52:51 IST" skipped="0">
  <testcase classname="tpay_testScripts.Read_excelTest" name="readexcel" time="2.035"/>
  <system-out/>
</testsuite> <!-- tpay_testScripts.Read_excelTest -->
