<?xml version="1.0" encoding="UTF-8"?>
<!-- Generated by org.testng.reporters.JUnitReportReporter -->
<testsuite hostname="DESKTOP-6E2HQKV" failures="0" tests="2" name="tpay_baseClass.Tpay_baseClass" time="17.488" errors="0" timestamp="2023-03-17T12:40:15 IST" skipped="0">
  <testcase classname="tpay_baseClass.Tpay_baseClass" name="testcase11" time="10.114"/>
  <system-out/>
  <testcase classname="tpay_baseClass.Tpay_baseClass" name="testcase1" time="7.374"/>
  <system-out/>
</testsuite> <!-- tpay_baseClass.Tpay_baseClass -->
